<?xml version="1.0" encoding="utf-8"?>
<TestRun id="759e05a2-1926-4aa0-9b55-36129efadf9b" name="REDACTED_USER@REDACTED_HOST 2026-02-18 23:39:14" runUser="REDACTED_HOST\REDACTED_USER" xmlns="http://microsoft.com/schemas/VisualStudio/TeamTest/2010">
  <Times creation="2026-02-18T23:39:14.5532920+02:00" queuing="2026-02-18T23:39:14.5532927+02:00" start="2026-02-18T23:38:39.5547442+02:00" finish="2026-02-18T23:39:14.5747642+02:00" />
  <TestSettings name="default" id="e1e77a33-7577-4de9-a853-3b6c6a2301c0">
    <Deployment runDeploymentRoot="REDACTED_RUNROOT" />
  </TestSettings>
  <Results>
    <UnitTestResult executionId="9a650ca7-acd3-47cd-8339-ec29d5bbd65a" testId="556e3948-8245-259a-f776-0d6e88d9a2b8" testName="SwfocTrainer.Tests.Profiles.LiveTacticalToggleWorkflowTests.Tactical_Toggles_Should_Execute_And_Revert_When_Tactical_Mode" computerName="REDACTED_HOST" duration="00:00:34.2247037" startTime="2026-02-18T23:39:14.3678924+02:00" endTime="2026-02-18T23:39:14.3679278+02:00" testType="13cdc9d9-ddb5-4fa4-a97d-d965ccfc6d4b" outcome="Passed" testListId="8c84fa94-04c1-424b-9868-57a2d4851a1d" relativeResultsDirectory="9a650ca7-acd3-47cd-8339-ec29d5bbd65a">
      <Output>
        <StdOut>god toggle=True revert=True&#xD;
one_hit toggle=True revert=True</StdOut>
      </Output>
    </UnitTestResult>
  </Results>
  <TestDefinitions>
    <UnitTest name="SwfocTrainer.Tests.Profiles.LiveTacticalToggleWorkflowTests.Tactical_Toggles_Should_Execute_And_Revert_When_Tactical_Mode" storage="[REDACTED_TEST_BINARY_PATH]\swfoctrainer.tests.dll" id="556e3948-8245-259a-f776-0d6e88d9a2b8">
      <Execution id="9a650ca7-acd3-47cd-8339-ec29d5bbd65a" />
      <TestMethod codeBase="[REDACTED_TEST_BINARY_PATH]\SwfocTrainer.Tests.dll" adapterTypeName="executor://xunit/VsTestRunner2/netcoreapp" className="SwfocTrainer.Tests.Profiles.LiveTacticalToggleWorkflowTests" name="Tactical_Toggles_Should_Execute_And_Revert_When_Tactical_Mode" />
    </UnitTest>
  </TestDefinitions>
  <TestEntries>
    <TestEntry testId="556e3948-8245-259a-f776-0d6e88d9a2b8" executionId="9a650ca7-acd3-47cd-8339-ec29d5bbd65a" testListId="8c84fa94-04c1-424b-9868-57a2d4851a1d" />
  </TestEntries>
  <TestLists>
    <TestList name="Results Not in a List" id="8c84fa94-04c1-424b-9868-57a2d4851a1d" />
    <TestList name="All Loaded Results" id="19431567-8539-422a-85d7-44ee4e166bda" />
  </TestLists>
  <ResultSummary outcome="Completed">
    <Counters total="1" executed="1" passed="1" failed="0" error="0" timeout="0" aborted="0" inconclusive="0" passedButRunAborted="0" notRunnable="0" notExecuted="0" disconnected="0" warning="0" completed="0" inProgress="0" pending="0" />
    <Output>
      <StdOut>[xUnit.net 00:00:00.00] xUnit.net VSTest Adapter v2.8.2+699d445a1a (64-bit .NET 8.0.0)&#xD;
[xUnit.net 00:00:00.07]   Discovering: SwfocTrainer.Tests&#xD;
[xUnit.net 00:00:00.13]   Discovered:  SwfocTrainer.Tests&#xD;
[xUnit.net 00:00:00.14]   Starting:    SwfocTrainer.Tests&#xD;
[xUnit.net 00:00:34.42]   Finished:    SwfocTrainer.Tests&#xD;
</StdOut>
    </Output>
  </ResultSummary>
</TestRun>